Compiled jquery.js  (2ms)  (pid 3447)
Compiled jquery_ujs.js  (0ms)  (pid 3447)
Compiled bootstrap.js  (0ms)  (pid 3447)
Compiled bootstrap.min.js  (0ms)  (pid 3447)
Compiled d3.v3.js  (5ms)  (pid 3447)
Compiled weather.js  (250ms)  (pid 3447)
Compiled application.js  (319ms)  (pid 3447)
Compiled bootstrap.css  (0ms)  (pid 3447)
Compiled bootstrap.min.css  (0ms)  (pid 3447)
Compiled weather.css  (23ms)  (pid 3447)
Compiled application.css  (43ms)  (pid 3447)
Compiled jquery.js  (1ms)  (pid 3447)
Compiled jquery_ujs.js  (0ms)  (pid 3447)
Compiled bootstrap.js  (0ms)  (pid 3447)
Compiled bootstrap.min.js  (0ms)  (pid 3447)
Compiled d3.v3.js  (5ms)  (pid 3447)
Compiled weather.js  (158ms)  (pid 3447)
Compiled application.js  (219ms)  (pid 3447)
Compiled bootstrap.css  (0ms)  (pid 3447)
Compiled bootstrap.min.css  (0ms)  (pid 3447)
Compiled weather.css  (21ms)  (pid 3447)
Compiled application.css  (39ms)  (pid 3447)
Compiled jquery.js  (1ms)  (pid 4339)
Compiled jquery_ujs.js  (0ms)  (pid 4339)
Compiled bootstrap.js  (0ms)  (pid 4339)
Compiled bootstrap.min.js  (0ms)  (pid 4339)
Compiled d3.v3.js  (5ms)  (pid 4339)
Compiled weather.js  (185ms)  (pid 4339)
Compiled application.js  (250ms)  (pid 4339)
Compiled bootstrap.css  (0ms)  (pid 4339)
Compiled bootstrap.min.css  (0ms)  (pid 4339)
Compiled weather.css  (24ms)  (pid 4339)
Compiled application.css  (44ms)  (pid 4339)
Compiled jquery.js  (1ms)  (pid 4339)
Compiled jquery_ujs.js  (0ms)  (pid 4339)
Compiled bootstrap.js  (0ms)  (pid 4339)
Compiled bootstrap.min.js  (0ms)  (pid 4339)
Compiled d3.v3.js  (5ms)  (pid 4339)
Compiled weather.js  (157ms)  (pid 4339)
Compiled application.js  (219ms)  (pid 4339)
Compiled bootstrap.css  (0ms)  (pid 4339)
Compiled bootstrap.min.css  (0ms)  (pid 4339)
Compiled weather.css  (22ms)  (pid 4339)
Compiled application.css  (42ms)  (pid 4339)
